[ 2015-08-11T23:55:02+08:00 ] ::1 /think/
INFO: [ app_init ] --START--
INFO: Run Behavior\BuildLiteBehavior [ RunTime:0.000036s ]
INFO: [ app_init ] --END-- [ RunTime:0.000532s ]
INFO: [ app_begin ] --START--
INFO: Run Behavior\ReadHtmlCacheBehavior [ RunTime:0.000497s ]
INFO: [ app_begin ] --END-- [ RunTime:0.000639s ]
SQL: SHOW COLUMNS FROM `redrock_stuinfo` [ RunTime:0.0065s ]
SQL: SELECT * FROM `redrock_stuinfo` WHERE `stu_name` = '我是谁601' LIMIT 1   [ RunTime:0.0009s ]
SQL: SELECT COUNT(*) AS tp_count FROM `redrock_stuinfo` WHERE `stu_prov` = '中国2' LIMIT 1   [ RunTime:0.0018s ]
SQL: SELECT COUNT(*) AS tp_count FROM `redrock_stuinfo` WHERE `stu_prov` <> '中国2' LIMIT 1   [ RunTime:0.0020s ]
SQL: SELECT COUNT(*) AS tp_count FROM `redrock_stuinfo` WHERE `stu_prov` <> '中国2' AND `stu_sexy` = 0 LIMIT 1   [ RunTime:0.0020s ]
SQL: SELECT COUNT(*) AS tp_count FROM `redrock_stuinfo` WHERE `stu_prov` <> '中国2' AND `stu_sexy` = 1 LIMIT 1   [ RunTime:0.0020s ]
SQL: SELECT COUNT(*) AS tp_count FROM `redrock_stuinfo` WHERE `stu_sexy` = 0 LIMIT 1   [ RunTime:0.0014s ]
SQL: SELECT COUNT(*) AS tp_count FROM `redrock_stuinfo` WHERE `stu_sexy` = 1 LIMIT 1   [ RunTime:0.0016s ]
SQL: SELECT COUNT(*) AS tp_count FROM `redrock_stuinfo` WHERE `stu_dept` = 1 AND `stu_sexy` = 0 LIMIT 1   [ RunTime:0.0014s ]
SQL: SELECT COUNT(*) AS tp_count FROM `redrock_stuinfo` WHERE `stu_dept` = 1 AND `stu_sexy` = 1 LIMIT 1   [ RunTime:0.0014s ]
SQL: SELECT `stu_id` FROM `redrock_stuinfo`  [ RunTime:0.0043s ]
INFO: [ view_parse ] --START--
INFO: [ template_filter ] --START--
INFO: Run Behavior\ContentReplaceBehavior [ RunTime:0.000069s ]
INFO: [ template_filter ] --END-- [ RunTime:0.000192s ]
INFO: Run Behavior\ParseTemplateBehavior [ RunTime:0.010601s ]
INFO: [ view_parse ] --END-- [ RunTime:0.010778s ]
INFO: [ view_filter ] --START--
INFO: Run Behavior\WriteHtmlCacheBehavior [ RunTime:0.000309s ]
INFO: [ view_filter ] --END-- [ RunTime:0.000419s ]
NOTIC: [2] Cannot modify header information - headers already sent by (output started at E:\wamp\www\think\Application\Home\Controller\IndexController.class.php:63) E:\wamp\www\think\ThinkPHP\Library\Think\View.class.php 第 91 行.
NOTIC: [2] Cannot modify header information - headers already sent by (output started at E:\wamp\www\think\Application\Home\Controller\IndexController.class.php:63) E:\wamp\www\think\ThinkPHP\Library\Think\View.class.php 第 92 行.
NOTIC: [2] Cannot modify header information - headers already sent by (output started at E:\wamp\www\think\Application\Home\Controller\IndexController.class.php:63) E:\wamp\www\think\ThinkPHP\Library\Think\View.class.php 第 93 行.
INFO: [ app_end ] --START--
INFO: Run Behavior\ShowPageTraceBehavior [ RunTime:0.000499s ]
INFO: [ app_end ] --END-- [ RunTime:0.000626s ]

[ 2015-08-11T23:55:07+08:00 ] ::1 /think/
INFO: [ app_init ] --START--
INFO: Run Behavior\BuildLiteBehavior [ RunTime:0.000029s ]
INFO: [ app_init ] --END-- [ RunTime:0.000482s ]
INFO: [ app_begin ] --START--
INFO: Run Behavior\ReadHtmlCacheBehavior [ RunTime:0.000636s ]
INFO: [ app_begin ] --END-- [ RunTime:0.000784s ]
SQL: SHOW COLUMNS FROM `redrock_stuinfo` [ RunTime:0.0066s ]
SQL: SELECT * FROM `redrock_stuinfo` WHERE `stu_name` = '我是谁601' LIMIT 1   [ RunTime:0.0008s ]
SQL: SELECT COUNT(*) AS tp_count FROM `redrock_stuinfo` WHERE `stu_prov` = '中国2' LIMIT 1   [ RunTime:0.0018s ]
SQL: SELECT COUNT(*) AS tp_count FROM `redrock_stuinfo` WHERE `stu_prov` <> '中国2' LIMIT 1   [ RunTime:0.0018s ]
SQL: SELECT COUNT(*) AS tp_count FROM `redrock_stuinfo` WHERE `stu_prov` <> '中国2' AND `stu_sexy` = 0 LIMIT 1   [ RunTime:0.0020s ]
SQL: SELECT COUNT(*) AS tp_count FROM `redrock_stuinfo` WHERE `stu_prov` <> '中国2' AND `stu_sexy` = 1 LIMIT 1   [ RunTime:0.0019s ]
SQL: SELECT COUNT(*) AS tp_count FROM `redrock_stuinfo` WHERE `stu_sexy` = 0 LIMIT 1   [ RunTime:0.0015s ]
SQL: SELECT COUNT(*) AS tp_count FROM `redrock_stuinfo` WHERE `stu_sexy` = 1 LIMIT 1   [ RunTime:0.0014s ]
SQL: SELECT COUNT(*) AS tp_count FROM `redrock_stuinfo` WHERE `stu_dept` = 1 AND `stu_sexy` = 0 LIMIT 1   [ RunTime:0.0017s ]
SQL: SELECT COUNT(*) AS tp_count FROM `redrock_stuinfo` WHERE `stu_dept` = 1 AND `stu_sexy` = 1 LIMIT 1   [ RunTime:0.0017s ]
SQL: SELECT `stu_id` FROM `redrock_stuinfo`  [ RunTime:0.0045s ]
INFO: [ view_parse ] --START--
INFO: [ template_filter ] --START--
INFO: Run Behavior\ContentReplaceBehavior [ RunTime:0.000063s ]
INFO: [ template_filter ] --END-- [ RunTime:0.000169s ]
INFO: Run Behavior\ParseTemplateBehavior [ RunTime:0.009348s ]
INFO: [ view_parse ] --END-- [ RunTime:0.009465s ]
INFO: [ view_filter ] --START--
INFO: Run Behavior\WriteHtmlCacheBehavior [ RunTime:0.000273s ]
INFO: [ view_filter ] --END-- [ RunTime:0.000372s ]
INFO: [ app_end ] --START--
INFO: Run Behavior\ShowPageTraceBehavior [ RunTime:0.000519s ]
INFO: [ app_end ] --END-- [ RunTime:0.000629s ]

[ 2015-08-11T23:56:20+08:00 ] ::1 /think/
INFO: [ app_init ] --START--
INFO: Run Behavior\BuildLiteBehavior [ RunTime:0.000077s ]
INFO: [ app_init ] --END-- [ RunTime:0.001160s ]
INFO: [ app_begin ] --START--
INFO: Run Behavior\ReadHtmlCacheBehavior [ RunTime:0.001263s ]
INFO: [ app_begin ] --END-- [ RunTime:0.001708s ]
SQL: SHOW COLUMNS FROM `redrock_stuinfo` [ RunTime:0.0242s ]
SQL: SELECT * FROM `redrock_stuinfo` WHERE `stu_name` = '我是谁601' LIMIT 1   [ RunTime:0.0017s ]
SQL: SELECT COUNT(*) AS tp_count FROM `redrock_stuinfo` WHERE `stu_prov` = '中国2' LIMIT 1   [ RunTime:0.0043s ]
SQL: SELECT COUNT(*) AS tp_count FROM `redrock_stuinfo` WHERE `stu_prov` <> '中国2' LIMIT 1   [ RunTime:0.0041s ]
SQL: SELECT COUNT(*) AS tp_count FROM `redrock_stuinfo` WHERE `stu_prov` <> '中国2' AND `stu_sexy` = 0 LIMIT 1   [ RunTime:0.0039s ]
SQL: SELECT COUNT(*) AS tp_count FROM `redrock_stuinfo` WHERE `stu_prov` <> '中国2' AND `stu_sexy` = 1 LIMIT 1   [ RunTime:0.0044s ]
SQL: SELECT COUNT(*) AS tp_count FROM `redrock_stuinfo` WHERE `stu_sexy` = 0 LIMIT 1   [ RunTime:0.0028s ]
SQL: SELECT COUNT(*) AS tp_count FROM `redrock_stuinfo` WHERE `stu_sexy` = 1 LIMIT 1   [ RunTime:0.0016s ]
SQL: SELECT COUNT(*) AS tp_count FROM `redrock_stuinfo` WHERE `stu_dept` = 1 AND `stu_sexy` = 0 LIMIT 1   [ RunTime:0.0018s ]
SQL: SELECT COUNT(*) AS tp_count FROM `redrock_stuinfo` WHERE `stu_dept` = 1 AND `stu_sexy` = 1 LIMIT 1   [ RunTime:0.0014s ]
SQL: SELECT `stu_id` FROM `redrock_stuinfo`  [ RunTime:0.0044s ]
INFO: [ view_parse ] --START--
INFO: [ template_filter ] --START--
INFO: Run Behavior\ContentReplaceBehavior [ RunTime:0.000071s ]
INFO: [ template_filter ] --END-- [ RunTime:0.000227s ]
INFO: Run Behavior\ParseTemplateBehavior [ RunTime:0.010300s ]
INFO: [ view_parse ] --END-- [ RunTime:0.010441s ]
INFO: [ view_filter ] --START--
INFO: Run Behavior\WriteHtmlCacheBehavior [ RunTime:0.000274s ]
INFO: [ view_filter ] --END-- [ RunTime:0.000386s ]
NOTIC: [2] Cannot modify header information - headers already sent by (output started at E:\wamp\www\think\Application\Home\Controller\IndexController.class.php:63) E:\wamp\www\think\ThinkPHP\Library\Think\View.class.php 第 91 行.
NOTIC: [2] Cannot modify header information - headers already sent by (output started at E:\wamp\www\think\Application\Home\Controller\IndexController.class.php:63) E:\wamp\www\think\ThinkPHP\Library\Think\View.class.php 第 92 行.
NOTIC: [2] Cannot modify header information - headers already sent by (output started at E:\wamp\www\think\Application\Home\Controller\IndexController.class.php:63) E:\wamp\www\think\ThinkPHP\Library\Think\View.class.php 第 93 行.
INFO: [ app_end ] --START--
INFO: Run Behavior\ShowPageTraceBehavior [ RunTime:0.000415s ]
INFO: [ app_end ] --END-- [ RunTime:0.000521s ]

[ 2015-08-11T23:56:40+08:00 ] ::1 /think/
INFO: [ app_init ] --START--
INFO: Run Behavior\BuildLiteBehavior [ RunTime:0.000029s ]
INFO: [ app_init ] --END-- [ RunTime:0.000435s ]
INFO: [ app_begin ] --START--
INFO: Run Behavior\ReadHtmlCacheBehavior [ RunTime:0.000439s ]
INFO: [ app_begin ] --END-- [ RunTime:0.000580s ]
SQL: SHOW COLUMNS FROM `redrock_stuinfo` [ RunTime:0.0076s ]
SQL: SELECT * FROM `redrock_stuinfo` WHERE `stu_name` = '我是谁601' LIMIT 1   [ RunTime:0.0009s ]
SQL: SELECT COUNT(*) AS tp_count FROM `redrock_stuinfo` WHERE `stu_prov` = '中国2' LIMIT 1   [ RunTime:0.0018s ]
SQL: SELECT COUNT(*) AS tp_count FROM `redrock_stuinfo` WHERE `stu_prov` <> '中国2' LIMIT 1   [ RunTime:0.0018s ]
SQL: SELECT COUNT(*) AS tp_count FROM `redrock_stuinfo` WHERE `stu_prov` <> '中国2' AND `stu_sexy` = 0 LIMIT 1   [ RunTime:0.0018s ]
SQL: SELECT COUNT(*) AS tp_count FROM `redrock_stuinfo` WHERE `stu_prov` <> '中国2' AND `stu_sexy` = 1 LIMIT 1   [ RunTime:0.0019s ]
SQL: SELECT COUNT(*) AS tp_count FROM `redrock_stuinfo` WHERE `stu_sexy` = 0 LIMIT 1   [ RunTime:0.0015s ]
SQL: SELECT COUNT(*) AS tp_count FROM `redrock_stuinfo` WHERE `stu_sexy` = 1 LIMIT 1   [ RunTime:0.0013s ]
SQL: SELECT COUNT(*) AS tp_count FROM `redrock_stuinfo` WHERE `stu_dept` = 1 AND `stu_sexy` = 0 LIMIT 1   [ RunTime:0.0018s ]
SQL: SELECT COUNT(*) AS tp_count FROM `redrock_stuinfo` WHERE `stu_dept` = 1 AND `stu_sexy` = 1 LIMIT 1   [ RunTime:0.0017s ]
ERR: Think\Model:findall方法不存在！

[ 2015-08-11T23:56:44+08:00 ] ::1 /think/
INFO: [ app_init ] --START--
INFO: Run Behavior\BuildLiteBehavior [ RunTime:0.000050s ]
INFO: [ app_init ] --END-- [ RunTime:0.000724s ]
INFO: [ app_begin ] --START--
INFO: Run Behavior\ReadHtmlCacheBehavior [ RunTime:0.000749s ]
INFO: [ app_begin ] --END-- [ RunTime:0.000986s ]
SQL: SHOW COLUMNS FROM `redrock_stuinfo` [ RunTime:0.0069s ]
SQL: SELECT * FROM `redrock_stuinfo` WHERE `stu_name` = '我是谁601' LIMIT 1   [ RunTime:0.0011s ]
SQL: SELECT COUNT(*) AS tp_count FROM `redrock_stuinfo` WHERE `stu_prov` = '中国2' LIMIT 1   [ RunTime:0.0018s ]
SQL: SELECT COUNT(*) AS tp_count FROM `redrock_stuinfo` WHERE `stu_prov` <> '中国2' LIMIT 1   [ RunTime:0.0018s ]
SQL: SELECT COUNT(*) AS tp_count FROM `redrock_stuinfo` WHERE `stu_prov` <> '中国2' AND `stu_sexy` = 0 LIMIT 1   [ RunTime:0.0021s ]
SQL: SELECT COUNT(*) AS tp_count FROM `redrock_stuinfo` WHERE `stu_prov` <> '中国2' AND `stu_sexy` = 1 LIMIT 1   [ RunTime:0.0017s ]
SQL: SELECT COUNT(*) AS tp_count FROM `redrock_stuinfo` WHERE `stu_sexy` = 0 LIMIT 1   [ RunTime:0.0014s ]
SQL: SELECT COUNT(*) AS tp_count FROM `redrock_stuinfo` WHERE `stu_sexy` = 1 LIMIT 1   [ RunTime:0.0014s ]
SQL: SELECT COUNT(*) AS tp_count FROM `redrock_stuinfo` WHERE `stu_dept` = 1 AND `stu_sexy` = 0 LIMIT 1   [ RunTime:0.0017s ]
SQL: SELECT COUNT(*) AS tp_count FROM `redrock_stuinfo` WHERE `stu_dept` = 1 AND `stu_sexy` = 1 LIMIT 1   [ RunTime:0.0017s ]
ERR: Think\Model:findall方法不存在！

[ 2015-08-11T23:56:47+08:00 ] ::1 /think/
INFO: [ app_init ] --START--
INFO: Run Behavior\BuildLiteBehavior [ RunTime:0.000059s ]
INFO: [ app_init ] --END-- [ RunTime:0.000828s ]
INFO: [ app_begin ] --START--
INFO: Run Behavior\ReadHtmlCacheBehavior [ RunTime:0.000592s ]
INFO: [ app_begin ] --END-- [ RunTime:0.000779s ]
SQL: SHOW COLUMNS FROM `redrock_stuinfo` [ RunTime:0.0096s ]
SQL: SELECT * FROM `redrock_stuinfo` WHERE `stu_name` = '我是谁601' LIMIT 1   [ RunTime:0.0013s ]
SQL: SELECT COUNT(*) AS tp_count FROM `redrock_stuinfo` WHERE `stu_prov` = '中国2' LIMIT 1   [ RunTime:0.0019s ]
SQL: SELECT COUNT(*) AS tp_count FROM `redrock_stuinfo` WHERE `stu_prov` <> '中国2' LIMIT 1   [ RunTime:0.0019s ]
SQL: SELECT COUNT(*) AS tp_count FROM `redrock_stuinfo` WHERE `stu_prov` <> '中国2' AND `stu_sexy` = 0 LIMIT 1   [ RunTime:0.0018s ]
SQL: SELECT COUNT(*) AS tp_count FROM `redrock_stuinfo` WHERE `stu_prov` <> '中国2' AND `stu_sexy` = 1 LIMIT 1   [ RunTime:0.0020s ]
SQL: SELECT COUNT(*) AS tp_count FROM `redrock_stuinfo` WHERE `stu_sexy` = 0 LIMIT 1   [ RunTime:0.0015s ]
SQL: SELECT COUNT(*) AS tp_count FROM `redrock_stuinfo` WHERE `stu_sexy` = 1 LIMIT 1   [ RunTime:0.0016s ]
SQL: SELECT COUNT(*) AS tp_count FROM `redrock_stuinfo` WHERE `stu_dept` = 1 AND `stu_sexy` = 0 LIMIT 1   [ RunTime:0.0016s ]
SQL: SELECT COUNT(*) AS tp_count FROM `redrock_stuinfo` WHERE `stu_dept` = 1 AND `stu_sexy` = 1 LIMIT 1   [ RunTime:0.0016s ]
SQL: SELECT `stu_id` FROM `redrock_stuinfo`  [ RunTime:0.0048s ]
INFO: [ view_parse ] --START--
INFO: [ template_filter ] --START--
INFO: Run Behavior\ContentReplaceBehavior [ RunTime:0.000079s ]
INFO: [ template_filter ] --END-- [ RunTime:0.000239s ]
INFO: Run Behavior\ParseTemplateBehavior [ RunTime:0.010847s ]
INFO: [ view_parse ] --END-- [ RunTime:0.010978s ]
INFO: [ view_filter ] --START--
INFO: Run Behavior\WriteHtmlCacheBehavior [ RunTime:0.000250s ]
INFO: [ view_filter ] --END-- [ RunTime:0.000351s ]
NOTIC: [2] Cannot modify header information - headers already sent by (output started at E:\wamp\www\think\Application\Home\Controller\IndexController.class.php:63) E:\wamp\www\think\ThinkPHP\Library\Think\View.class.php 第 91 行.
NOTIC: [2] Cannot modify header information - headers already sent by (output started at E:\wamp\www\think\Application\Home\Controller\IndexController.class.php:63) E:\wamp\www\think\ThinkPHP\Library\Think\View.class.php 第 92 行.
NOTIC: [2] Cannot modify header information - headers already sent by (output started at E:\wamp\www\think\Application\Home\Controller\IndexController.class.php:63) E:\wamp\www\think\ThinkPHP\Library\Think\View.class.php 第 93 行.
INFO: [ app_end ] --START--
INFO: Run Behavior\ShowPageTraceBehavior [ RunTime:0.000428s ]
INFO: [ app_end ] --END-- [ RunTime:0.000533s ]

[ 2015-08-11T23:59:52+08:00 ] ::1 /think/
INFO: [ app_init ] --START--
INFO: Run Behavior\BuildLiteBehavior [ RunTime:0.000047s ]
INFO: [ app_init ] --END-- [ RunTime:0.000757s ]
INFO: [ app_begin ] --START--
INFO: Run Behavior\ReadHtmlCacheBehavior [ RunTime:0.001016s ]
INFO: [ app_begin ] --END-- [ RunTime:0.001320s ]
SQL: SHOW COLUMNS FROM `redrock_stuinfo` [ RunTime:0.0067s ]
SQL: SELECT * FROM `redrock_stuinfo` WHERE `stu_name` = '我是谁601' LIMIT 1   [ RunTime:0.0008s ]
SQL: SELECT COUNT(*) AS tp_count FROM `redrock_stuinfo` WHERE `stu_prov` = '中国2' LIMIT 1   [ RunTime:0.0018s ]
SQL: SELECT COUNT(*) AS tp_count FROM `redrock_stuinfo` WHERE `stu_prov` <> '中国2' LIMIT 1   [ RunTime:0.0020s ]
SQL: SELECT COUNT(*) AS tp_count FROM `redrock_stuinfo` WHERE `stu_prov` <> '中国2' AND `stu_sexy` = 0 LIMIT 1   [ RunTime:0.0017s ]
SQL: SELECT COUNT(*) AS tp_count FROM `redrock_stuinfo` WHERE `stu_prov` <> '中国2' AND `stu_sexy` = 1 LIMIT 1   [ RunTime:0.0021s ]
SQL: SELECT COUNT(*) AS tp_count FROM `redrock_stuinfo` WHERE `stu_sexy` = 0 LIMIT 1   [ RunTime:0.0013s ]
SQL: SELECT COUNT(*) AS tp_count FROM `redrock_stuinfo` WHERE `stu_sexy` = 1 LIMIT 1   [ RunTime:0.0015s ]
SQL: SELECT COUNT(*) AS tp_count FROM `redrock_stuinfo` WHERE `stu_dept` = 1 AND `stu_sexy` = 0 LIMIT 1   [ RunTime:0.0014s ]
SQL: SELECT COUNT(*) AS tp_count FROM `redrock_stuinfo` WHERE `stu_dept` = 1 AND `stu_sexy` = 1 LIMIT 1   [ RunTime:0.0014s ]
SQL: SELECT `stu_id` FROM `redrock_stuinfo` LIMIT 1   [ RunTime:0.0002s ]
NOTIC: [8] Undefined offset: 0 E:\wamp\www\think\Application\Home\Controller\IndexController.class.php 第 64 行.
NOTIC: [2] Invalid argument supplied for foreach() E:\wamp\www\think\Application\Home\Controller\IndexController.class.php 第 64 行.
NOTIC: [8] Undefined variable: year E:\wamp\www\think\Application\Home\Controller\IndexController.class.php 第 71 行.
INFO: [ view_parse ] --START--
INFO: [ template_filter ] --START--
INFO: Run Behavior\ContentReplaceBehavior [ RunTime:0.000052s ]
INFO: [ template_filter ] --END-- [ RunTime:0.000152s ]
NOTIC: [2] Illegal string offset 'stu_id' E:\wamp\www\think\Application\Runtime\Cache\Home\2a94b8bda04ff446dcedd42276fc99ee.php 第 30 行.
INFO: Run Behavior\ParseTemplateBehavior [ RunTime:0.006562s ]
INFO: [ view_parse ] --END-- [ RunTime:0.006688s ]
INFO: [ view_filter ] --START--
INFO: Run Behavior\WriteHtmlCacheBehavior [ RunTime:0.000384s ]
INFO: [ view_filter ] --END-- [ RunTime:0.000509s ]
INFO: [ app_end ] --START--
INFO: Run Behavior\ShowPageTraceBehavior [ RunTime:0.000404s ]
INFO: [ app_end ] --END-- [ RunTime:0.000506s ]

